<?xml version="1.0" encoding="UTF-8"?>
<!-- Generated by org.testng.reporters.JUnitReportReporter -->
<testsuite hostname="LAPTOP-13TRL6GD" failures="0" tests="1" name="com.edvora.testCases.TC_Login_001" time="18.608" errors="0" timestamp="2022-02-26T10:52:48 IST" skipped="0">
  <testcase classname="com.edvora.testCases.TC_Login_001" name="loginTest" time="18.608"/>
  <system-out/>
</testsuite> <!-- com.edvora.testCases.TC_Login_001 -->
