<?xml version="1.0" encoding="UTF-8"?>
<!-- Generated by org.testng.reporters.JUnitReportReporter -->
<testsuite hostname="LAPTOP-13TRL6GD" failures="0" tests="1" name="com.edvora.testCases.TS003" time="17.347" errors="0" timestamp="2022-03-08T12:30:54 IST" skipped="0">
  <testcase classname="com.edvora.testCases.TS003" name="EditTest" time="17.347"/>
  <system-out/>
</testsuite> <!-- com.edvora.testCases.TS003 -->
