<?xml version="1.0" encoding="UTF-8"?>
<!-- Generated by org.testng.reporters.JUnitReportReporter -->
<testsuite hostname="LAPTOP-13TRL6GD" failures="0" tests="1" name="com.edvora.testCases.TS001" time="14.929" errors="0" timestamp="2022-03-08T11:42:21 IST" skipped="0">
  <testcase classname="com.edvora.testCases.TS001" name="SignupTest" time="14.929"/>
  <system-out/>
</testsuite> <!-- com.edvora.testCases.TS001 -->
